Determining if the function sgemm_ exists failed with the following output:
Change Dir: /home/robert/Code/anglersim/build/CMakeFiles/CMakeTmp

Run Build Command(s):/usr/bin/make cmTC_aed6a/fast && /usr/bin/make -f CMakeFiles/cmTC_aed6a.dir/build.make CMakeFiles/cmTC_aed6a.dir/build
make[1]: Entering directory '/home/robert/Code/anglersim/build/CMakeFiles/CMakeTmp'
Building C object CMakeFiles/cmTC_aed6a.dir/CheckFunctionExists.c.o
/bin/x86_64-linux-gnu-gcc-9   -DCHECK_FUNCTION_EXISTS=sgemm_   -o CMakeFiles/cmTC_aed6a.dir/CheckFunctionExists.c.o   -c /usr/share/cmake-3.16/Modules/CheckFunctionExists.c
Linking C executable cmTC_aed6a
/usr/bin/cmake -E cmake_link_script CMakeFiles/cmTC_aed6a.dir/link.txt --verbose=1
/bin/x86_64-linux-gnu-gcc-9  -DCHECK_FUNCTION_EXISTS=sgemm_    CMakeFiles/cmTC_aed6a.dir/CheckFunctionExists.c.o  -o cmTC_aed6a 
/usr/bin/ld: CMakeFiles/cmTC_aed6a.dir/CheckFunctionExists.c.o: in function `main':
CheckFunctionExists.c:(.text+0x14): undefined reference to `sgemm_'
collect2: error: ld returned 1 exit status
make[1]: *** [CMakeFiles/cmTC_aed6a.dir/build.make:87: cmTC_aed6a] Error 1
make[1]: Leaving directory '/home/robert/Code/anglersim/build/CMakeFiles/CMakeTmp'
make: *** [Makefile:121: cmTC_aed6a/fast] Error 2



Performing C SOURCE FILE Test CMAKE_HAVE_LIBC_PTHREAD failed with the following output:
Change Dir: /home/robert/Code/anglersim/build/CMakeFiles/CMakeTmp

Run Build Command(s):/usr/bin/make cmTC_265e6/fast && /usr/bin/make -f CMakeFiles/cmTC_265e6.dir/build.make CMakeFiles/cmTC_265e6.dir/build
make[1]: Entering directory '/home/robert/Code/anglersim/build/CMakeFiles/CMakeTmp'
Building C object CMakeFiles/cmTC_265e6.dir/src.c.o
/bin/x86_64-linux-gnu-gcc-9   -DCMAKE_HAVE_LIBC_PTHREAD   -o CMakeFiles/cmTC_265e6.dir/src.c.o   -c /home/robert/Code/anglersim/build/CMakeFiles/CMakeTmp/src.c
Linking C executable cmTC_265e6
/usr/bin/cmake -E cmake_link_script CMakeFiles/cmTC_265e6.dir/link.txt --verbose=1
/bin/x86_64-linux-gnu-gcc-9  -DCMAKE_HAVE_LIBC_PTHREAD    CMakeFiles/cmTC_265e6.dir/src.c.o  -o cmTC_265e6 
/usr/bin/ld: CMakeFiles/cmTC_265e6.dir/src.c.o: in function `main':
src.c:(.text+0x46): undefined reference to `pthread_create'
/usr/bin/ld: src.c:(.text+0x52): undefined reference to `pthread_detach'
/usr/bin/ld: src.c:(.text+0x63): undefined reference to `pthread_join'
collect2: error: ld returned 1 exit status
make[1]: *** [CMakeFiles/cmTC_265e6.dir/build.make:87: cmTC_265e6] Error 1
make[1]: Leaving directory '/home/robert/Code/anglersim/build/CMakeFiles/CMakeTmp'
make: *** [Makefile:121: cmTC_265e6/fast] Error 2


Source file was:
#include <pthread.h>

void* test_func(void* data)
{
  return data;
}

int main(void)
{
  pthread_t thread;
  pthread_create(&thread, NULL, test_func, NULL);
  pthread_detach(thread);
  pthread_join(thread, NULL);
  pthread_atfork(NULL, NULL, NULL);
  pthread_exit(NULL);

  return 0;
}

Determining if the function pthread_create exists in the pthreads failed with the following output:
Change Dir: /home/robert/Code/anglersim/build/CMakeFiles/CMakeTmp

Run Build Command(s):/usr/bin/make cmTC_4848f/fast && /usr/bin/make -f CMakeFiles/cmTC_4848f.dir/build.make CMakeFiles/cmTC_4848f.dir/build
make[1]: Entering directory '/home/robert/Code/anglersim/build/CMakeFiles/CMakeTmp'
Building C object CMakeFiles/cmTC_4848f.dir/CheckFunctionExists.c.o
/bin/x86_64-linux-gnu-gcc-9   -DCHECK_FUNCTION_EXISTS=pthread_create   -o CMakeFiles/cmTC_4848f.dir/CheckFunctionExists.c.o   -c /usr/share/cmake-3.16/Modules/CheckFunctionExists.c
Linking C executable cmTC_4848f
/usr/bin/cmake -E cmake_link_script CMakeFiles/cmTC_4848f.dir/link.txt --verbose=1
/bin/x86_64-linux-gnu-gcc-9  -DCHECK_FUNCTION_EXISTS=pthread_create    CMakeFiles/cmTC_4848f.dir/CheckFunctionExists.c.o  -o cmTC_4848f  -lpthreads 
/usr/bin/ld: cannot find -lpthreads
collect2: error: ld returned 1 exit status
make[1]: *** [CMakeFiles/cmTC_4848f.dir/build.make:87: cmTC_4848f] Error 1
make[1]: Leaving directory '/home/robert/Code/anglersim/build/CMakeFiles/CMakeTmp'
make: *** [Makefile:121: cmTC_4848f/fast] Error 2



The MPI test test_mpi for C in mode normal failed to compile with the following output:
Change Dir: /home/robert/Code/anglersim/build/CMakeFiles/CMakeTmp

Run Build Command(s):/usr/bin/make cmTC_7ed55/fast && /usr/bin/make -f CMakeFiles/cmTC_7ed55.dir/build.make CMakeFiles/cmTC_7ed55.dir/build
make[1]: Entering directory '/home/robert/Code/anglersim/build/CMakeFiles/CMakeTmp'
Building C object CMakeFiles/cmTC_7ed55.dir/test_mpi.c.o
/bin/x86_64-linux-gnu-gcc-9    -o CMakeFiles/cmTC_7ed55.dir/test_mpi.c.o   -c /usr/share/cmake-3.16/Modules/FindMPI/test_mpi.c
/usr/share/cmake-3.16/Modules/FindMPI/test_mpi.c:1:10: fatal error: mpi.h: No such file or directory
    1 | #include <mpi.h>
      |          ^~~~~~~
compilation terminated.
make[1]: *** [CMakeFiles/cmTC_7ed55.dir/build.make:66: CMakeFiles/cmTC_7ed55.dir/test_mpi.c.o] Error 1
make[1]: Leaving directory '/home/robert/Code/anglersim/build/CMakeFiles/CMakeTmp'
make: *** [Makefile:121: cmTC_7ed55/fast] Error 2



The MPI test test_mpi for CXX in mode normal failed to compile with the following output:
Change Dir: /home/robert/Code/anglersim/build/CMakeFiles/CMakeTmp

Run Build Command(s):/usr/bin/make cmTC_9597d/fast && /usr/bin/make -f CMakeFiles/cmTC_9597d.dir/build.make CMakeFiles/cmTC_9597d.dir/build
make[1]: Entering directory '/home/robert/Code/anglersim/build/CMakeFiles/CMakeTmp'
Building CXX object CMakeFiles/cmTC_9597d.dir/test_mpi.cpp.o
/bin/x86_64-linux-gnu-g++-9     -o CMakeFiles/cmTC_9597d.dir/test_mpi.cpp.o -c /home/robert/Code/anglersim/build/CMakeFiles/FindMPI/test_mpi.cpp
/home/robert/Code/anglersim/build/CMakeFiles/FindMPI/test_mpi.cpp:1:10: fatal error: mpi.h: No such file or directory
    1 | #include <mpi.h>
      |          ^~~~~~~
compilation terminated.
make[1]: *** [CMakeFiles/cmTC_9597d.dir/build.make:66: CMakeFiles/cmTC_9597d.dir/test_mpi.cpp.o] Error 1
make[1]: Leaving directory '/home/robert/Code/anglersim/build/CMakeFiles/CMakeTmp'
make: *** [Makefile:121: cmTC_9597d/fast] Error 2



The MPI test test_mpi for C in mode normal failed to compile with the following output:
Change Dir: /home/robert/Code/anglersim/build/CMakeFiles/CMakeTmp

Run Build Command(s):/usr/bin/make cmTC_21a71/fast && /usr/bin/make -f CMakeFiles/cmTC_21a71.dir/build.make CMakeFiles/cmTC_21a71.dir/build
make[1]: Entering directory '/home/robert/Code/anglersim/build/CMakeFiles/CMakeTmp'
Building C object CMakeFiles/cmTC_21a71.dir/test_mpi.c.o
/bin/x86_64-linux-gnu-gcc-9    -o CMakeFiles/cmTC_21a71.dir/test_mpi.c.o   -c /usr/share/cmake-3.16/Modules/FindMPI/test_mpi.c
/usr/share/cmake-3.16/Modules/FindMPI/test_mpi.c:1:10: fatal error: mpi.h: No such file or directory
    1 | #include <mpi.h>
      |          ^~~~~~~
compilation terminated.
make[1]: *** [CMakeFiles/cmTC_21a71.dir/build.make:66: CMakeFiles/cmTC_21a71.dir/test_mpi.c.o] Error 1
make[1]: Leaving directory '/home/robert/Code/anglersim/build/CMakeFiles/CMakeTmp'
make: *** [Makefile:121: cmTC_21a71/fast] Error 2



The MPI test test_mpi for CXX in mode normal failed to compile with the following output:
Change Dir: /home/robert/Code/anglersim/build/CMakeFiles/CMakeTmp

Run Build Command(s):/usr/bin/make cmTC_678b5/fast && /usr/bin/make -f CMakeFiles/cmTC_678b5.dir/build.make CMakeFiles/cmTC_678b5.dir/build
make[1]: Entering directory '/home/robert/Code/anglersim/build/CMakeFiles/CMakeTmp'
Building CXX object CMakeFiles/cmTC_678b5.dir/test_mpi.cpp.o
/bin/x86_64-linux-gnu-g++-9     -o CMakeFiles/cmTC_678b5.dir/test_mpi.cpp.o -c /home/robert/Code/anglersim/build/CMakeFiles/FindMPI/test_mpi.cpp
/home/robert/Code/anglersim/build/CMakeFiles/FindMPI/test_mpi.cpp:1:10: fatal error: mpi.h: No such file or directory
    1 | #include <mpi.h>
      |          ^~~~~~~
compilation terminated.
make[1]: *** [CMakeFiles/cmTC_678b5.dir/build.make:66: CMakeFiles/cmTC_678b5.dir/test_mpi.cpp.o] Error 1
make[1]: Leaving directory '/home/robert/Code/anglersim/build/CMakeFiles/CMakeTmp'
make: *** [Makefile:121: cmTC_678b5/fast] Error 2



The MPI test test_mpi for C in mode normal failed to compile with the following output:
Change Dir: /home/robert/Code/anglersim/build/CMakeFiles/CMakeTmp

Run Build Command(s):/usr/bin/make cmTC_b87a6/fast && make[1]: Entering directory '/home/robert/Code/anglersim/build/CMakeFiles/CMakeTmp'
/usr/bin/make -f CMakeFiles/cmTC_b87a6.dir/build.make CMakeFiles/cmTC_b87a6.dir/build
make[2]: Entering directory '/home/robert/Code/anglersim/build/CMakeFiles/CMakeTmp'
Building C object CMakeFiles/cmTC_b87a6.dir/test_mpi.c.o
/bin/x86_64-linux-gnu-gcc-9    -o CMakeFiles/cmTC_b87a6.dir/test_mpi.c.o   -c /usr/share/cmake-3.16/Modules/FindMPI/test_mpi.c
/usr/share/cmake-3.16/Modules/FindMPI/test_mpi.c:1:10: fatal error: mpi.h: No such file or directory
    1 | #include <mpi.h>
      |          ^~~~~~~
compilation terminated.
make[2]: *** [CMakeFiles/cmTC_b87a6.dir/build.make:66: CMakeFiles/cmTC_b87a6.dir/test_mpi.c.o] Error 1
make[2]: Leaving directory '/home/robert/Code/anglersim/build/CMakeFiles/CMakeTmp'
make[1]: *** [Makefile:121: cmTC_b87a6/fast] Error 2
make[1]: Leaving directory '/home/robert/Code/anglersim/build/CMakeFiles/CMakeTmp'



The MPI test test_mpi for CXX in mode normal failed to compile with the following output:
Change Dir: /home/robert/Code/anglersim/build/CMakeFiles/CMakeTmp

Run Build Command(s):/usr/bin/make cmTC_1723c/fast && make[1]: Entering directory '/home/robert/Code/anglersim/build/CMakeFiles/CMakeTmp'
/usr/bin/make -f CMakeFiles/cmTC_1723c.dir/build.make CMakeFiles/cmTC_1723c.dir/build
make[2]: Entering directory '/home/robert/Code/anglersim/build/CMakeFiles/CMakeTmp'
Building CXX object CMakeFiles/cmTC_1723c.dir/test_mpi.cpp.o
/bin/x86_64-linux-gnu-g++-9     -o CMakeFiles/cmTC_1723c.dir/test_mpi.cpp.o -c /home/robert/Code/anglersim/build/CMakeFiles/FindMPI/test_mpi.cpp
/home/robert/Code/anglersim/build/CMakeFiles/FindMPI/test_mpi.cpp:1:10: fatal error: mpi.h: No such file or directory
    1 | #include <mpi.h>
      |          ^~~~~~~
compilation terminated.
make[2]: *** [CMakeFiles/cmTC_1723c.dir/build.make:66: CMakeFiles/cmTC_1723c.dir/test_mpi.cpp.o] Error 1
make[2]: Leaving directory '/home/robert/Code/anglersim/build/CMakeFiles/CMakeTmp'
make[1]: *** [Makefile:121: cmTC_1723c/fast] Error 2
make[1]: Leaving directory '/home/robert/Code/anglersim/build/CMakeFiles/CMakeTmp'



The MPI test test_mpi for C in mode normal failed to compile with the following output:
Change Dir: /home/robert/Code/anglersim/build/CMakeFiles/CMakeTmp

Run Build Command(s):/usr/bin/make cmTC_b43d8/fast && /usr/bin/make -f CMakeFiles/cmTC_b43d8.dir/build.make CMakeFiles/cmTC_b43d8.dir/build
make[1]: Entering directory '/home/robert/Code/anglersim/build/CMakeFiles/CMakeTmp'
Building C object CMakeFiles/cmTC_b43d8.dir/test_mpi.c.o
/bin/x86_64-linux-gnu-gcc-9    -o CMakeFiles/cmTC_b43d8.dir/test_mpi.c.o   -c /usr/share/cmake-3.16/Modules/FindMPI/test_mpi.c
/usr/share/cmake-3.16/Modules/FindMPI/test_mpi.c:1:10: fatal error: mpi.h: No such file or directory
    1 | #include <mpi.h>
      |          ^~~~~~~
compilation terminated.
make[1]: *** [CMakeFiles/cmTC_b43d8.dir/build.make:66: CMakeFiles/cmTC_b43d8.dir/test_mpi.c.o] Error 1
make[1]: Leaving directory '/home/robert/Code/anglersim/build/CMakeFiles/CMakeTmp'
make: *** [Makefile:121: cmTC_b43d8/fast] Error 2



The MPI test test_mpi for CXX in mode normal failed to compile with the following output:
Change Dir: /home/robert/Code/anglersim/build/CMakeFiles/CMakeTmp

Run Build Command(s):/usr/bin/make cmTC_b264f/fast && /usr/bin/make -f CMakeFiles/cmTC_b264f.dir/build.make CMakeFiles/cmTC_b264f.dir/build
make[1]: Entering directory '/home/robert/Code/anglersim/build/CMakeFiles/CMakeTmp'
Building CXX object CMakeFiles/cmTC_b264f.dir/test_mpi.cpp.o
/bin/x86_64-linux-gnu-g++-9     -o CMakeFiles/cmTC_b264f.dir/test_mpi.cpp.o -c /home/robert/Code/anglersim/build/CMakeFiles/FindMPI/test_mpi.cpp
/home/robert/Code/anglersim/build/CMakeFiles/FindMPI/test_mpi.cpp:1:10: fatal error: mpi.h: No such file or directory
    1 | #include <mpi.h>
      |          ^~~~~~~
compilation terminated.
make[1]: *** [CMakeFiles/cmTC_b264f.dir/build.make:66: CMakeFiles/cmTC_b264f.dir/test_mpi.cpp.o] Error 1
make[1]: Leaving directory '/home/robert/Code/anglersim/build/CMakeFiles/CMakeTmp'
make: *** [Makefile:121: cmTC_b264f/fast] Error 2



The MPI test test_mpi for C in mode normal failed to compile with the following output:
Change Dir: /home/robert/Code/anglersim/build/CMakeFiles/CMakeTmp

Run Build Command(s):/usr/bin/make cmTC_c12d9/fast && make[1]: Entering directory '/home/robert/Code/anglersim/build/CMakeFiles/CMakeTmp'
/usr/bin/make -f CMakeFiles/cmTC_c12d9.dir/build.make CMakeFiles/cmTC_c12d9.dir/build
make[2]: Entering directory '/home/robert/Code/anglersim/build/CMakeFiles/CMakeTmp'
Building C object CMakeFiles/cmTC_c12d9.dir/test_mpi.c.o
/bin/x86_64-linux-gnu-gcc-9    -o CMakeFiles/cmTC_c12d9.dir/test_mpi.c.o   -c /usr/share/cmake-3.16/Modules/FindMPI/test_mpi.c
/usr/share/cmake-3.16/Modules/FindMPI/test_mpi.c:1:10: fatal error: mpi.h: No such file or directory
    1 | #include <mpi.h>
      |          ^~~~~~~
compilation terminated.
make[2]: *** [CMakeFiles/cmTC_c12d9.dir/build.make:66: CMakeFiles/cmTC_c12d9.dir/test_mpi.c.o] Error 1
make[2]: Leaving directory '/home/robert/Code/anglersim/build/CMakeFiles/CMakeTmp'
make[1]: *** [Makefile:121: cmTC_c12d9/fast] Error 2
make[1]: Leaving directory '/home/robert/Code/anglersim/build/CMakeFiles/CMakeTmp'



The MPI test test_mpi for CXX in mode normal failed to compile with the following output:
Change Dir: /home/robert/Code/anglersim/build/CMakeFiles/CMakeTmp

Run Build Command(s):/usr/bin/make cmTC_2f9d2/fast && make[1]: Entering directory '/home/robert/Code/anglersim/build/CMakeFiles/CMakeTmp'
/usr/bin/make -f CMakeFiles/cmTC_2f9d2.dir/build.make CMakeFiles/cmTC_2f9d2.dir/build
make[2]: Entering directory '/home/robert/Code/anglersim/build/CMakeFiles/CMakeTmp'
Building CXX object CMakeFiles/cmTC_2f9d2.dir/test_mpi.cpp.o
/bin/x86_64-linux-gnu-g++-9     -o CMakeFiles/cmTC_2f9d2.dir/test_mpi.cpp.o -c /home/robert/Code/anglersim/build/CMakeFiles/FindMPI/test_mpi.cpp
/home/robert/Code/anglersim/build/CMakeFiles/FindMPI/test_mpi.cpp:1:10: fatal error: mpi.h: No such file or directory
    1 | #include <mpi.h>
      |          ^~~~~~~
compilation terminated.
make[2]: *** [CMakeFiles/cmTC_2f9d2.dir/build.make:66: CMakeFiles/cmTC_2f9d2.dir/test_mpi.cpp.o] Error 1
make[2]: Leaving directory '/home/robert/Code/anglersim/build/CMakeFiles/CMakeTmp'
make[1]: *** [Makefile:121: cmTC_2f9d2/fast] Error 2
make[1]: Leaving directory '/home/robert/Code/anglersim/build/CMakeFiles/CMakeTmp'



The MPI test test_mpi for C in mode normal failed to compile with the following output:
Change Dir: /home/robert/Code/anglersim/build/CMakeFiles/CMakeTmp

Run Build Command(s):/usr/bin/make cmTC_a83be/fast && /usr/bin/make -f CMakeFiles/cmTC_a83be.dir/build.make CMakeFiles/cmTC_a83be.dir/build
make[1]: Entering directory '/home/robert/Code/anglersim/build/CMakeFiles/CMakeTmp'
Building C object CMakeFiles/cmTC_a83be.dir/test_mpi.c.o
/bin/x86_64-linux-gnu-gcc-9    -o CMakeFiles/cmTC_a83be.dir/test_mpi.c.o   -c /usr/share/cmake-3.16/Modules/FindMPI/test_mpi.c
/usr/share/cmake-3.16/Modules/FindMPI/test_mpi.c:1:10: fatal error: mpi.h: No such file or directory
    1 | #include <mpi.h>
      |          ^~~~~~~
compilation terminated.
make[1]: *** [CMakeFiles/cmTC_a83be.dir/build.make:66: CMakeFiles/cmTC_a83be.dir/test_mpi.c.o] Error 1
make[1]: Leaving directory '/home/robert/Code/anglersim/build/CMakeFiles/CMakeTmp'
make: *** [Makefile:121: cmTC_a83be/fast] Error 2



The MPI test test_mpi for CXX in mode normal failed to compile with the following output:
Change Dir: /home/robert/Code/anglersim/build/CMakeFiles/CMakeTmp

Run Build Command(s):/usr/bin/make cmTC_ad0e0/fast && /usr/bin/make -f CMakeFiles/cmTC_ad0e0.dir/build.make CMakeFiles/cmTC_ad0e0.dir/build
make[1]: Entering directory '/home/robert/Code/anglersim/build/CMakeFiles/CMakeTmp'
Building CXX object CMakeFiles/cmTC_ad0e0.dir/test_mpi.cpp.o
/bin/x86_64-linux-gnu-g++-9     -o CMakeFiles/cmTC_ad0e0.dir/test_mpi.cpp.o -c /home/robert/Code/anglersim/build/CMakeFiles/FindMPI/test_mpi.cpp
/home/robert/Code/anglersim/build/CMakeFiles/FindMPI/test_mpi.cpp:1:10: fatal error: mpi.h: No such file or directory
    1 | #include <mpi.h>
      |          ^~~~~~~
compilation terminated.
make[1]: *** [CMakeFiles/cmTC_ad0e0.dir/build.make:66: CMakeFiles/cmTC_ad0e0.dir/test_mpi.cpp.o] Error 1
make[1]: Leaving directory '/home/robert/Code/anglersim/build/CMakeFiles/CMakeTmp'
make: *** [Makefile:121: cmTC_ad0e0/fast] Error 2



The MPI test test_mpi for C in mode normal failed to compile with the following output:
Change Dir: /home/robert/Code/anglersim/build/CMakeFiles/CMakeTmp

Run Build Command(s):/usr/bin/make cmTC_ec83c/fast && /usr/bin/make -f CMakeFiles/cmTC_ec83c.dir/build.make CMakeFiles/cmTC_ec83c.dir/build
make[1]: Entering directory '/home/robert/Code/anglersim/build/CMakeFiles/CMakeTmp'
Building C object CMakeFiles/cmTC_ec83c.dir/test_mpi.c.o
/bin/x86_64-linux-gnu-gcc-9    -o CMakeFiles/cmTC_ec83c.dir/test_mpi.c.o   -c /usr/share/cmake-3.16/Modules/FindMPI/test_mpi.c
/usr/share/cmake-3.16/Modules/FindMPI/test_mpi.c:1:10: fatal error: mpi.h: No such file or directory
    1 | #include <mpi.h>
      |          ^~~~~~~
compilation terminated.
make[1]: *** [CMakeFiles/cmTC_ec83c.dir/build.make:66: CMakeFiles/cmTC_ec83c.dir/test_mpi.c.o] Error 1
make[1]: Leaving directory '/home/robert/Code/anglersim/build/CMakeFiles/CMakeTmp'
make: *** [Makefile:121: cmTC_ec83c/fast] Error 2



The MPI test test_mpi for CXX in mode normal failed to compile with the following output:
Change Dir: /home/robert/Code/anglersim/build/CMakeFiles/CMakeTmp

Run Build Command(s):/usr/bin/make cmTC_c5aea/fast && /usr/bin/make -f CMakeFiles/cmTC_c5aea.dir/build.make CMakeFiles/cmTC_c5aea.dir/build
make[1]: Entering directory '/home/robert/Code/anglersim/build/CMakeFiles/CMakeTmp'
Building CXX object CMakeFiles/cmTC_c5aea.dir/test_mpi.cpp.o
/bin/x86_64-linux-gnu-g++-9     -o CMakeFiles/cmTC_c5aea.dir/test_mpi.cpp.o -c /home/robert/Code/anglersim/build/CMakeFiles/FindMPI/test_mpi.cpp
/home/robert/Code/anglersim/build/CMakeFiles/FindMPI/test_mpi.cpp:1:10: fatal error: mpi.h: No such file or directory
    1 | #include <mpi.h>
      |          ^~~~~~~
compilation terminated.
make[1]: *** [CMakeFiles/cmTC_c5aea.dir/build.make:66: CMakeFiles/cmTC_c5aea.dir/test_mpi.cpp.o] Error 1
make[1]: Leaving directory '/home/robert/Code/anglersim/build/CMakeFiles/CMakeTmp'
make: *** [Makefile:121: cmTC_c5aea/fast] Error 2



The MPI test test_mpi for C in mode normal failed to compile with the following output:
Change Dir: /home/robert/Code/anglersim/build/CMakeFiles/CMakeTmp

Run Build Command(s):/usr/bin/make cmTC_80621/fast && make[1]: Entering directory '/home/robert/Code/anglersim/build/CMakeFiles/CMakeTmp'
/usr/bin/make -f CMakeFiles/cmTC_80621.dir/build.make CMakeFiles/cmTC_80621.dir/build
make[2]: Entering directory '/home/robert/Code/anglersim/build/CMakeFiles/CMakeTmp'
Building C object CMakeFiles/cmTC_80621.dir/test_mpi.c.o
/bin/x86_64-linux-gnu-gcc-9    -o CMakeFiles/cmTC_80621.dir/test_mpi.c.o   -c /usr/share/cmake-3.16/Modules/FindMPI/test_mpi.c
/usr/share/cmake-3.16/Modules/FindMPI/test_mpi.c:1:10: fatal error: mpi.h: No such file or directory
    1 | #include <mpi.h>
      |          ^~~~~~~
compilation terminated.
make[2]: *** [CMakeFiles/cmTC_80621.dir/build.make:66: CMakeFiles/cmTC_80621.dir/test_mpi.c.o] Error 1
make[2]: Leaving directory '/home/robert/Code/anglersim/build/CMakeFiles/CMakeTmp'
make[1]: *** [Makefile:121: cmTC_80621/fast] Error 2
make[1]: Leaving directory '/home/robert/Code/anglersim/build/CMakeFiles/CMakeTmp'



The MPI test test_mpi for CXX in mode normal failed to compile with the following output:
Change Dir: /home/robert/Code/anglersim/build/CMakeFiles/CMakeTmp

Run Build Command(s):/usr/bin/make cmTC_e6a1d/fast && make[1]: Entering directory '/home/robert/Code/anglersim/build/CMakeFiles/CMakeTmp'
/usr/bin/make -f CMakeFiles/cmTC_e6a1d.dir/build.make CMakeFiles/cmTC_e6a1d.dir/build
make[2]: Entering directory '/home/robert/Code/anglersim/build/CMakeFiles/CMakeTmp'
Building CXX object CMakeFiles/cmTC_e6a1d.dir/test_mpi.cpp.o
/bin/x86_64-linux-gnu-g++-9     -o CMakeFiles/cmTC_e6a1d.dir/test_mpi.cpp.o -c /home/robert/Code/anglersim/build/CMakeFiles/FindMPI/test_mpi.cpp
/home/robert/Code/anglersim/build/CMakeFiles/FindMPI/test_mpi.cpp:1:10: fatal error: mpi.h: No such file or directory
    1 | #include <mpi.h>
      |          ^~~~~~~
compilation terminated.
make[2]: *** [CMakeFiles/cmTC_e6a1d.dir/build.make:66: CMakeFiles/cmTC_e6a1d.dir/test_mpi.cpp.o] Error 1
make[2]: Leaving directory '/home/robert/Code/anglersim/build/CMakeFiles/CMakeTmp'
make[1]: *** [Makefile:121: cmTC_e6a1d/fast] Error 2
make[1]: Leaving directory '/home/robert/Code/anglersim/build/CMakeFiles/CMakeTmp'



The MPI test test_mpi for C in mode normal failed to compile with the following output:
Change Dir: /home/robert/Code/anglersim/build/CMakeFiles/CMakeTmp

Run Build Command(s):/usr/bin/make cmTC_6d672/fast && /usr/bin/make -f CMakeFiles/cmTC_6d672.dir/build.make CMakeFiles/cmTC_6d672.dir/build
make[1]: Entering directory '/home/robert/Code/anglersim/build/CMakeFiles/CMakeTmp'
Building C object CMakeFiles/cmTC_6d672.dir/test_mpi.c.o
/bin/x86_64-linux-gnu-gcc-9    -o CMakeFiles/cmTC_6d672.dir/test_mpi.c.o   -c /usr/share/cmake-3.16/Modules/FindMPI/test_mpi.c
/usr/share/cmake-3.16/Modules/FindMPI/test_mpi.c:1:10: fatal error: mpi.h: No such file or directory
    1 | #include <mpi.h>
      |          ^~~~~~~
compilation terminated.
make[1]: *** [CMakeFiles/cmTC_6d672.dir/build.make:66: CMakeFiles/cmTC_6d672.dir/test_mpi.c.o] Error 1
make[1]: Leaving directory '/home/robert/Code/anglersim/build/CMakeFiles/CMakeTmp'
make: *** [Makefile:121: cmTC_6d672/fast] Error 2



The MPI test test_mpi for CXX in mode normal failed to compile with the following output:
Change Dir: /home/robert/Code/anglersim/build/CMakeFiles/CMakeTmp

Run Build Command(s):/usr/bin/make cmTC_c8344/fast && /usr/bin/make -f CMakeFiles/cmTC_c8344.dir/build.make CMakeFiles/cmTC_c8344.dir/build
make[1]: Entering directory '/home/robert/Code/anglersim/build/CMakeFiles/CMakeTmp'
Building CXX object CMakeFiles/cmTC_c8344.dir/test_mpi.cpp.o
/bin/x86_64-linux-gnu-g++-9     -o CMakeFiles/cmTC_c8344.dir/test_mpi.cpp.o -c /home/robert/Code/anglersim/build/CMakeFiles/FindMPI/test_mpi.cpp
/home/robert/Code/anglersim/build/CMakeFiles/FindMPI/test_mpi.cpp:1:10: fatal error: mpi.h: No such file or directory
    1 | #include <mpi.h>
      |          ^~~~~~~
compilation terminated.
make[1]: *** [CMakeFiles/cmTC_c8344.dir/build.make:66: CMakeFiles/cmTC_c8344.dir/test_mpi.cpp.o] Error 1
make[1]: Leaving directory '/home/robert/Code/anglersim/build/CMakeFiles/CMakeTmp'
make: *** [Makefile:121: cmTC_c8344/fast] Error 2



The MPI test test_mpi for C in mode normal failed to compile with the following output:
Change Dir: /home/robert/Code/anglersim/build/CMakeFiles/CMakeTmp

Run Build Command(s):/usr/bin/make cmTC_b10e1/fast && /usr/bin/make -f CMakeFiles/cmTC_b10e1.dir/build.make CMakeFiles/cmTC_b10e1.dir/build
make[1]: Entering directory '/home/robert/Code/anglersim/build/CMakeFiles/CMakeTmp'
Building C object CMakeFiles/cmTC_b10e1.dir/test_mpi.c.o
/bin/x86_64-linux-gnu-gcc-9    -o CMakeFiles/cmTC_b10e1.dir/test_mpi.c.o   -c /usr/share/cmake-3.16/Modules/FindMPI/test_mpi.c
/usr/share/cmake-3.16/Modules/FindMPI/test_mpi.c:1:10: fatal error: mpi.h: No such file or directory
    1 | #include <mpi.h>
      |          ^~~~~~~
compilation terminated.
make[1]: *** [CMakeFiles/cmTC_b10e1.dir/build.make:66: CMakeFiles/cmTC_b10e1.dir/test_mpi.c.o] Error 1
make[1]: Leaving directory '/home/robert/Code/anglersim/build/CMakeFiles/CMakeTmp'
make: *** [Makefile:121: cmTC_b10e1/fast] Error 2



The MPI test test_mpi for CXX in mode normal failed to compile with the following output:
Change Dir: /home/robert/Code/anglersim/build/CMakeFiles/CMakeTmp

Run Build Command(s):/usr/bin/make cmTC_b3857/fast && /usr/bin/make -f CMakeFiles/cmTC_b3857.dir/build.make CMakeFiles/cmTC_b3857.dir/build
make[1]: Entering directory '/home/robert/Code/anglersim/build/CMakeFiles/CMakeTmp'
Building CXX object CMakeFiles/cmTC_b3857.dir/test_mpi.cpp.o
/bin/x86_64-linux-gnu-g++-9     -o CMakeFiles/cmTC_b3857.dir/test_mpi.cpp.o -c /home/robert/Code/anglersim/build/CMakeFiles/FindMPI/test_mpi.cpp
/home/robert/Code/anglersim/build/CMakeFiles/FindMPI/test_mpi.cpp:1:10: fatal error: mpi.h: No such file or directory
    1 | #include <mpi.h>
      |          ^~~~~~~
compilation terminated.
make[1]: *** [CMakeFiles/cmTC_b3857.dir/build.make:66: CMakeFiles/cmTC_b3857.dir/test_mpi.cpp.o] Error 1
make[1]: Leaving directory '/home/robert/Code/anglersim/build/CMakeFiles/CMakeTmp'
make: *** [Makefile:121: cmTC_b3857/fast] Error 2



The MPI test test_mpi for C in mode normal failed to compile with the following output:
Change Dir: /home/robert/Code/anglersim/build/CMakeFiles/CMakeTmp

Run Build Command(s):/usr/bin/make cmTC_dd5d3/fast && make[1]: Entering directory '/home/robert/Code/anglersim/build/CMakeFiles/CMakeTmp'
/usr/bin/make -f CMakeFiles/cmTC_dd5d3.dir/build.make CMakeFiles/cmTC_dd5d3.dir/build
make[2]: Entering directory '/home/robert/Code/anglersim/build/CMakeFiles/CMakeTmp'
Building C object CMakeFiles/cmTC_dd5d3.dir/test_mpi.c.o
/bin/x86_64-linux-gnu-gcc-9    -o CMakeFiles/cmTC_dd5d3.dir/test_mpi.c.o   -c /usr/share/cmake-3.16/Modules/FindMPI/test_mpi.c
/usr/share/cmake-3.16/Modules/FindMPI/test_mpi.c:1:10: fatal error: mpi.h: No such file or directory
    1 | #include <mpi.h>
      |          ^~~~~~~
compilation terminated.
make[2]: *** [CMakeFiles/cmTC_dd5d3.dir/build.make:66: CMakeFiles/cmTC_dd5d3.dir/test_mpi.c.o] Error 1
make[2]: Leaving directory '/home/robert/Code/anglersim/build/CMakeFiles/CMakeTmp'
make[1]: *** [Makefile:121: cmTC_dd5d3/fast] Error 2
make[1]: Leaving directory '/home/robert/Code/anglersim/build/CMakeFiles/CMakeTmp'



The MPI test test_mpi for CXX in mode normal failed to compile with the following output:
Change Dir: /home/robert/Code/anglersim/build/CMakeFiles/CMakeTmp

Run Build Command(s):/usr/bin/make cmTC_01be7/fast && make[1]: Entering directory '/home/robert/Code/anglersim/build/CMakeFiles/CMakeTmp'
/usr/bin/make -f CMakeFiles/cmTC_01be7.dir/build.make CMakeFiles/cmTC_01be7.dir/build
make[2]: Entering directory '/home/robert/Code/anglersim/build/CMakeFiles/CMakeTmp'
Building CXX object CMakeFiles/cmTC_01be7.dir/test_mpi.cpp.o
/bin/x86_64-linux-gnu-g++-9     -o CMakeFiles/cmTC_01be7.dir/test_mpi.cpp.o -c /home/robert/Code/anglersim/build/CMakeFiles/FindMPI/test_mpi.cpp
/home/robert/Code/anglersim/build/CMakeFiles/FindMPI/test_mpi.cpp:1:10: fatal error: mpi.h: No such file or directory
    1 | #include <mpi.h>
      |          ^~~~~~~
compilation terminated.
make[2]: *** [CMakeFiles/cmTC_01be7.dir/build.make:66: CMakeFiles/cmTC_01be7.dir/test_mpi.cpp.o] Error 1
make[2]: Leaving directory '/home/robert/Code/anglersim/build/CMakeFiles/CMakeTmp'
make[1]: *** [Makefile:121: cmTC_01be7/fast] Error 2
make[1]: Leaving directory '/home/robert/Code/anglersim/build/CMakeFiles/CMakeTmp'



